2023-06-30T09:50:00+00:00 DEBUG tt4b_product_delete: missing access token for tt4b_product_sync
2023-06-30T09:50:00+00:00 DEBUG tt4b_product_delete: missing access token for tt4b_product_sync
2023-06-30T09:50:00+00:00 DEBUG tt4b_product_delete: missing access token for tt4b_product_sync
2023-06-30T09:50:01+00:00 DEBUG tt4b_product_delete: missing access token for tt4b_product_sync
2023-06-30T09:50:01+00:00 DEBUG tt4b_product_delete: missing access token for tt4b_product_sync
2023-06-30T09:50:01+00:00 DEBUG tt4b_product_delete: missing access token for tt4b_product_sync
2023-06-30T09:50:01+00:00 DEBUG tt4b_product_delete: missing access token for tt4b_product_sync
2023-06-30T09:50:01+00:00 DEBUG tt4b_product_delete: missing access token for tt4b_product_sync
2023-06-30T09:50:01+00:00 DEBUG tt4b_product_delete: missing access token for tt4b_product_sync
2023-06-30T09:50:01+00:00 DEBUG tt4b_product_delete: missing access token for tt4b_product_sync
2023-06-30T09:50:01+00:00 DEBUG tt4b_product_delete: missing access token for tt4b_product_sync
2023-06-30T09:50:01+00:00 DEBUG tt4b_product_delete: missing access token for tt4b_product_sync
2023-06-30T09:50:01+00:00 DEBUG tt4b_product_delete: missing access token for tt4b_product_sync
2023-06-30T09:50:01+00:00 DEBUG tt4b_product_delete: missing access token for tt4b_product_sync
2023-06-30T09:50:01+00:00 DEBUG tt4b_product_delete: missing access token for tt4b_product_sync
2023-06-30T09:50:01+00:00 DEBUG tt4b_product_delete: missing access token for tt4b_product_sync
2023-06-30T09:50:01+00:00 DEBUG tt4b_product_delete: missing access token for tt4b_product_sync
2023-06-30T09:50:01+00:00 DEBUG tt4b_product_delete: missing access token for tt4b_product_sync
2023-06-30T09:50:01+00:00 DEBUG tt4b_product_delete: missing access token for tt4b_product_sync
2023-06-30T09:50:01+00:00 DEBUG tt4b_product_delete: missing access token for tt4b_product_sync
2023-06-30T09:50:01+00:00 DEBUG tt4b_product_delete: missing access token for tt4b_product_sync
2023-06-30T09:50:01+00:00 DEBUG tt4b_product_delete: missing access token for tt4b_product_sync
2023-06-30T09:50:02+00:00 DEBUG tt4b_product_delete: missing access token for tt4b_product_sync
2023-06-30T09:50:02+00:00 DEBUG tt4b_product_delete: missing access token for tt4b_product_sync
2023-06-30T09:50:02+00:00 DEBUG tt4b_product_delete: missing access token for tt4b_product_sync
2023-06-30T09:50:02+00:00 DEBUG tt4b_product_delete: missing access token for tt4b_product_sync
2023-06-30T09:50:02+00:00 DEBUG tt4b_product_delete: missing access token for tt4b_product_sync
2023-06-30T09:50:02+00:00 DEBUG tt4b_product_delete: missing access token for tt4b_product_sync
2023-06-30T09:50:02+00:00 DEBUG tt4b_product_delete: missing access token for tt4b_product_sync
2023-06-30T09:50:02+00:00 DEBUG tt4b_product_delete: missing access token for tt4b_product_sync
2023-06-30T09:50:02+00:00 DEBUG tt4b_product_delete: missing access token for tt4b_product_sync
2023-06-30T09:50:02+00:00 DEBUG tt4b_product_delete: missing access token for tt4b_product_sync
2023-06-30T09:50:02+00:00 DEBUG tt4b_product_delete: missing access token for tt4b_product_sync
2023-06-30T09:50:02+00:00 DEBUG tt4b_product_delete: missing access token for tt4b_product_sync
2023-06-30T09:50:02+00:00 DEBUG tt4b_product_delete: missing access token for tt4b_product_sync
2023-06-30T09:50:02+00:00 DEBUG tt4b_product_delete: missing access token for tt4b_product_sync
2023-06-30T09:50:02+00:00 DEBUG tt4b_product_delete: missing access token for tt4b_product_sync
2023-06-30T09:50:02+00:00 DEBUG tt4b_product_delete: missing access token for tt4b_product_sync
2023-06-30T09:50:02+00:00 DEBUG tt4b_product_delete: missing access token for tt4b_product_sync
2023-06-30T09:50:03+00:00 DEBUG tt4b_product_delete: missing access token for tt4b_product_sync
2023-06-30T09:50:52+00:00 DEBUG tt4b_product_delete: missing access token for tt4b_product_sync
2023-06-30T09:50:52+00:00 DEBUG tt4b_product_delete: missing access token for tt4b_product_sync
2023-06-30T09:50:52+00:00 DEBUG tt4b_product_delete: missing access token for tt4b_product_sync
2023-06-30T09:50:52+00:00 DEBUG tt4b_product_delete: missing access token for tt4b_product_sync
2023-06-30T09:50:52+00:00 DEBUG tt4b_product_delete: missing access token for tt4b_product_sync
2023-06-30T09:50:52+00:00 DEBUG tt4b_product_delete: missing access token for tt4b_product_sync
2023-06-30T09:50:53+00:00 DEBUG tt4b_product_delete: missing access token for tt4b_product_sync
2023-06-30T09:50:53+00:00 DEBUG tt4b_product_delete: missing access token for tt4b_product_sync
2023-06-30T09:52:40+00:00 DEBUG tt4b_product_delete: missing access token for tt4b_product_sync
2023-06-30T09:52:40+00:00 DEBUG tt4b_product_delete: missing access token for tt4b_product_sync
2023-06-30T09:52:40+00:00 DEBUG tt4b_product_delete: missing access token for tt4b_product_sync
2023-06-30T09:52:41+00:00 DEBUG tt4b_product_delete: missing access token for tt4b_product_sync
2023-06-30T09:52:41+00:00 DEBUG tt4b_product_delete: missing access token for tt4b_product_sync
2023-06-30T09:52:41+00:00 DEBUG tt4b_product_delete: missing access token for tt4b_product_sync
2023-06-30T09:52:41+00:00 DEBUG tt4b_product_delete: missing access token for tt4b_product_sync
2023-06-30T09:52:41+00:00 DEBUG tt4b_product_delete: missing access token for tt4b_product_sync
2023-06-30T09:53:18+00:00 DEBUG tt4b_product_delete: missing access token for tt4b_product_sync
2023-06-30T09:53:18+00:00 DEBUG tt4b_product_delete: missing access token for tt4b_product_sync
2023-06-30T09:53:18+00:00 DEBUG tt4b_product_delete: missing access token for tt4b_product_sync
2023-06-30T14:35:20+00:00 DEBUG tt4b_product_delete: missing access token for tt4b_product_sync
2023-06-30T14:38:34+00:00 DEBUG Tt4b_Pixel_Class::inject_view_content_event: hit injectViewContentEvent
2023-06-30T14:38:34+00:00 DEBUG Tt4b_Pixel_Class::inject_view_content_event: Missing option "access_token"
2023-06-30T15:07:41+00:00 DEBUG Tt4b_Pixel_Class::inject_add_to_cart_event: hit injectAddToCartEvent
2023-06-30T15:07:41+00:00 DEBUG Tt4b_Pixel_Class::inject_add_to_cart_event: Missing option "access_token"
2023-06-30T15:33:11+00:00 DEBUG tt4b_product_delete: missing access token for tt4b_product_sync
2023-06-30T15:33:12+00:00 DEBUG tt4b_product_delete: missing access token for tt4b_product_sync
2023-06-30T15:33:12+00:00 DEBUG tt4b_product_delete: missing access token for tt4b_product_sync
2023-06-30T15:33:12+00:00 DEBUG tt4b_product_delete: missing access token for tt4b_product_sync
2023-06-30T15:33:12+00:00 DEBUG tt4b_product_delete: missing access token for tt4b_product_sync
2023-06-30T15:33:12+00:00 DEBUG tt4b_product_delete: missing access token for tt4b_product_sync
2023-06-30T15:33:12+00:00 DEBUG tt4b_product_delete: missing access token for tt4b_product_sync
2023-06-30T15:33:12+00:00 DEBUG tt4b_product_delete: missing access token for tt4b_product_sync
2023-06-30T15:33:12+00:00 DEBUG tt4b_product_delete: missing access token for tt4b_product_sync
2023-06-30T15:33:12+00:00 DEBUG tt4b_product_delete: missing access token for tt4b_product_sync
2023-06-30T15:33:12+00:00 DEBUG tt4b_product_delete: missing access token for tt4b_product_sync
2023-06-30T15:33:12+00:00 DEBUG tt4b_product_delete: missing access token for tt4b_product_sync
2023-06-30T15:33:12+00:00 DEBUG tt4b_product_delete: missing access token for tt4b_product_sync
2023-06-30T15:33:12+00:00 DEBUG tt4b_product_delete: missing access token for tt4b_product_sync
2023-06-30T15:33:12+00:00 DEBUG tt4b_product_delete: missing access token for tt4b_product_sync
2023-06-30T15:33:12+00:00 DEBUG tt4b_product_delete: missing access token for tt4b_product_sync
2023-06-30T15:33:12+00:00 DEBUG tt4b_product_delete: missing access token for tt4b_product_sync
2023-06-30T15:33:12+00:00 DEBUG tt4b_product_delete: missing access token for tt4b_product_sync
2023-06-30T15:33:13+00:00 DEBUG tt4b_product_delete: missing access token for tt4b_product_sync
2023-06-30T15:33:13+00:00 DEBUG tt4b_product_delete: missing access token for tt4b_product_sync
2023-06-30T15:33:13+00:00 DEBUG tt4b_product_delete: missing access token for tt4b_product_sync
2023-06-30T15:33:13+00:00 DEBUG tt4b_product_delete: missing access token for tt4b_product_sync
2023-06-30T15:33:13+00:00 DEBUG tt4b_product_delete: missing access token for tt4b_product_sync
2023-06-30T15:33:13+00:00 DEBUG tt4b_product_delete: missing access token for tt4b_product_sync
2023-06-30T15:33:13+00:00 DEBUG tt4b_product_delete: missing access token for tt4b_product_sync
2023-06-30T15:33:13+00:00 DEBUG tt4b_product_delete: missing access token for tt4b_product_sync
2023-06-30T15:33:13+00:00 DEBUG tt4b_product_delete: missing access token for tt4b_product_sync
2023-06-30T15:33:13+00:00 DEBUG tt4b_product_delete: missing access token for tt4b_product_sync
2023-06-30T15:33:13+00:00 DEBUG tt4b_product_delete: missing access token for tt4b_product_sync
2023-06-30T15:33:13+00:00 DEBUG tt4b_product_delete: missing access token for tt4b_product_sync
2023-06-30T15:33:13+00:00 DEBUG tt4b_product_delete: missing access token for tt4b_product_sync
2023-06-30T15:33:13+00:00 DEBUG tt4b_product_delete: missing access token for tt4b_product_sync
2023-06-30T15:33:13+00:00 DEBUG tt4b_product_delete: missing access token for tt4b_product_sync
2023-06-30T15:33:13+00:00 DEBUG tt4b_product_delete: missing access token for tt4b_product_sync
2023-06-30T15:33:13+00:00 DEBUG tt4b_product_delete: missing access token for tt4b_product_sync
2023-06-30T15:33:13+00:00 DEBUG tt4b_product_delete: missing access token for tt4b_product_sync
2023-06-30T15:33:13+00:00 DEBUG tt4b_product_delete: missing access token for tt4b_product_sync
2023-06-30T16:20:51+00:00 DEBUG Tt4b_Pixel_Class::inject_view_content_event: hit injectViewContentEvent
2023-06-30T16:20:51+00:00 DEBUG Tt4b_Pixel_Class::inject_view_content_event: Missing option "access_token"
